Wed Aug 22 2018 11:59:15 GMT+0530 (India Standard Time) GET /
Wed Aug 22 2018 11:59:15 GMT+0530 (India Standard Time) GET /robots.txt
Wed Aug 22 2018 11:59:16 GMT+0530 (India Standard Time) GET /favicon.ico
Wed Aug 22 2018 13:49:22 GMT+0530 (India Standard Time) POST /room_availability
Wed Aug 22 2018 13:49:35 GMT+0530 (India Standard Time) GET /room_availability
Wed Aug 22 2018 13:49:35 GMT+0530 (India Standard Time) GET /robots.txt
Wed Aug 22 2018 13:49:59 GMT+0530 (India Standard Time) POST /room_availability
Wed Aug 22 2018 13:50:38 GMT+0530 (India Standard Time) POST /room_availability
Wed Aug 22 2018 13:50:55 GMT+0530 (India Standard Time) GET /room_availability
Wed Aug 22 2018 15:09:22 GMT+0530 (India Standard Time) GET /room_types
Wed Aug 22 2018 15:09:33 GMT+0530 (India Standard Time) POST /room_types
Wed Aug 22 2018 15:09:37 GMT+0530 (India Standard Time) GET /room_types
Wed Aug 22 2018 15:10:22 GMT+0530 (India Standard Time) GET /room_types
Wed Aug 22 2018 15:12:34 GMT+0530 (India Standard Time) GET /room_types
Wed Aug 22 2018 15:12:48 GMT+0530 (India Standard Time) GET /room_types
Wed Aug 22 2018 15:13:18 GMT+0530 (India Standard Time) GET /room_types
Wed Aug 22 2018 15:29:09 GMT+0530 (India Standard Time) POST /room_availability
Wed Aug 22 2018 15:29:35 GMT+0530 (India Standard Time) POST /room_availability
Wed Aug 22 2018 15:29:47 GMT+0530 (India Standard Time) POST /room_availability
Wed Aug 22 2018 15:29:57 GMT+0530 (India Standard Time) POST /room_availability
Wed Aug 22 2018 15:31:16 GMT+0530 (India Standard Time) POST /room_availability
Wed Aug 22 2018 15:31:30 GMT+0530 (India Standard Time) POST /room_availability
Wed Aug 22 2018 15:31:49 GMT+0530 (India Standard Time) POST /room_availability
Wed Aug 22 2018 16:56:37 GMT+0530 (India Standard Time) GET /user_bookings
Wed Aug 22 2018 16:56:51 GMT+0530 (India Standard Time) GET /user_bookings?userid=asksk
Wed Aug 22 2018 16:56:55 GMT+0530 (India Standard Time) GET /user_bookings?userid=1
Wed Aug 22 2018 22:03:14 GMT+0530 (India Standard Time) POST /room_availability
Wed Aug 22 2018 22:04:57 GMT+0530 (India Standard Time) POST /room_availability
Wed Aug 22 2018 22:05:07 GMT+0530 (India Standard Time) POST /room_availability
Wed Aug 22 2018 22:05:22 GMT+0530 (India Standard Time) POST /room_availability
Wed Aug 22 2018 22:05:47 GMT+0530 (India Standard Time) POST /room_availability
Wed Aug 22 2018 22:06:01 GMT+0530 (India Standard Time) POST /room_availability
Wed Aug 22 2018 22:08:48 GMT+0530 (India Standard Time) POST /room_availability
Wed Aug 22 2018 22:09:04 GMT+0530 (India Standard Time) POST /room_availability
Wed Aug 22 2018 22:09:18 GMT+0530 (India Standard Time) POST /room_availability
Wed Aug 22 2018 22:09:46 GMT+0530 (India Standard Time) POST /room_availability
Wed Aug 22 2018 22:35:31 GMT+0530 (India Standard Time) POST /room_availability
Wed Aug 22 2018 22:35:39 GMT+0530 (India Standard Time) POST /room_availability
Wed Aug 22 2018 22:36:15 GMT+0530 (India Standard Time) POST /room_availability
Wed Aug 22 2018 23:11:25 GMT+0530 (India Standard Time) GET /user_bookings
Wed Aug 22 2018 23:11:25 GMT+0530 (India Standard Time) GET /robots.txt
Wed Aug 22 2018 23:11:38 GMT+0530 (India Standard Time) GET /user_bookings
Thu Aug 23 2018 00:50:24 GMT+0530 (India Standard Time) GET /room_types
Thu Aug 23 2018 01:25:55 GMT+0530 (India Standard Time) GET /room_availability
Thu Aug 23 2018 01:35:42 GMT+0530 (India Standard Time) POST /room_availability
Thu Aug 23 2018 02:09:19 GMT+0530 (India Standard Time) GET /room_types
Thu Aug 23 2018 02:11:12 GMT+0530 (India Standard Time) GET /room_types
Thu Aug 23 2018 10:36:26 GMT+0530 (India Standard Time) GET /room_types
Thu Aug 23 2018 10:36:33 GMT+0530 (India Standard Time) GET /room_types
Thu Aug 23 2018 10:42:45 GMT+0530 (India Standard Time) GET /room_types
Thu Aug 23 2018 10:43:58 GMT+0530 (India Standard Time) GET /room_types
Thu Aug 23 2018 10:44:24 GMT+0530 (India Standard Time) POST /room_availability
Thu Aug 23 2018 10:45:14 GMT+0530 (India Standard Time) POST /room_availability
Thu Aug 23 2018 10:45:19 GMT+0530 (India Standard Time) POST /room_availability
Thu Aug 23 2018 10:46:07 GMT+0530 (India Standard Time) POST /room_availability
Thu Aug 23 2018 10:47:27 GMT+0530 (India Standard Time) GET /room_types
Thu Aug 23 2018 10:48:29 GMT+0530 (India Standard Time) GET /room_types
Thu Aug 23 2018 10:48:39 GMT+0530 (India Standard Time) GET /room_types
Thu Aug 23 2018 10:49:31 GMT+0530 (India Standard Time) GET /room_types
Thu Aug 23 2018 10:50:32 GMT+0530 (India Standard Time) GET /room_types
Thu Aug 23 2018 10:51:11 GMT+0530 (India Standard Time) GET /room_types
Thu Aug 23 2018 10:51:20 GMT+0530 (India Standard Time) POST /room_availability
Thu Aug 23 2018 10:51:30 GMT+0530 (India Standard Time) POST /room_availability
Thu Aug 23 2018 10:51:47 GMT+0530 (India Standard Time) GET /room_types
Thu Aug 23 2018 10:53:44 GMT+0530 (India Standard Time) GET /room_types
Thu Aug 23 2018 10:57:56 GMT+0530 (India Standard Time) GET /room_types
Thu Aug 23 2018 10:58:11 GMT+0530 (India Standard Time) POST /room_availability
Thu Aug 23 2018 11:00:39 GMT+0530 (India Standard Time) GET /room_types
Thu Aug 23 2018 11:04:27 GMT+0530 (India Standard Time) GET /room_types
Thu Aug 23 2018 11:04:41 GMT+0530 (India Standard Time) GET /room_types
Thu Aug 23 2018 11:05:44 GMT+0530 (India Standard Time) GET /room_types
Thu Aug 23 2018 11:06:06 GMT+0530 (India Standard Time) GET /room_types
Thu Aug 23 2018 11:06:30 GMT+0530 (India Standard Time) GET /room_types
Thu Aug 23 2018 11:09:13 GMT+0530 (India Standard Time) GET /room_types
Thu Aug 23 2018 11:09:27 GMT+0530 (India Standard Time) POST /room_availability
Thu Aug 23 2018 11:11:45 GMT+0530 (India Standard Time) GET /room_types
Thu Aug 23 2018 11:11:55 GMT+0530 (India Standard Time) GET /room_types
Thu Aug 23 2018 11:21:24 GMT+0530 (India Standard Time) POST /login
Thu Aug 23 2018 11:22:03 GMT+0530 (India Standard Time) POST /login
Thu Aug 23 2018 11:26:45 GMT+0530 (India Standard Time) POST /login
Thu Aug 23 2018 11:26:56 GMT+0530 (India Standard Time) POST /login
Thu Aug 23 2018 11:27:03 GMT+0530 (India Standard Time) POST /login
Thu Aug 23 2018 11:27:53 GMT+0530 (India Standard Time) GET /room_types
Thu Aug 23 2018 11:35:13 GMT+0530 (India Standard Time) GET /room_types
Thu Aug 23 2018 11:35:53 GMT+0530 (India Standard Time) GET /room_types
Thu Aug 23 2018 11:36:20 GMT+0530 (India Standard Time) GET /room_types
Thu Aug 23 2018 11:38:31 GMT+0530 (India Standard Time) GET /room_types
Thu Aug 23 2018 11:39:42 GMT+0530 (India Standard Time) GET /room_types
Thu Aug 23 2018 12:01:53 GMT+0530 (India Standard Time) GET /room_types
Thu Aug 23 2018 12:02:03 GMT+0530 (India Standard Time) GET /room_types
Thu Aug 23 2018 12:13:04 GMT+0530 (India Standard Time) GET /room_types
Thu Aug 23 2018 12:13:25 GMT+0530 (India Standard Time) GET /room_types
Thu Aug 23 2018 12:41:54 GMT+0530 (India Standard Time) GET /room_types
Thu Aug 23 2018 12:50:17 GMT+0530 (India Standard Time) GET /room_types
Thu Aug 23 2018 12:53:07 GMT+0530 (India Standard Time) GET /room_types
Thu Aug 23 2018 12:54:43 GMT+0530 (India Standard Time) GET /room_types
Thu Aug 23 2018 12:56:17 GMT+0530 (India Standard Time) GET /room_types
Thu Aug 23 2018 13:00:54 GMT+0530 (India Standard Time) GET /room_types
Thu Aug 23 2018 13:02:12 GMT+0530 (India Standard Time) GET /room_types
Thu Aug 23 2018 13:02:39 GMT+0530 (India Standard Time) GET /room_types
Thu Aug 23 2018 13:03:51 GMT+0530 (India Standard Time) GET /room_types
Thu Aug 23 2018 13:06:09 GMT+0530 (India Standard Time) GET /room_types
Thu Aug 23 2018 13:08:39 GMT+0530 (India Standard Time) GET /room_types
Thu Aug 23 2018 13:09:04 GMT+0530 (India Standard Time) GET /room_types
Thu Aug 23 2018 13:10:15 GMT+0530 (India Standard Time) GET /room_types
Thu Aug 23 2018 13:12:36 GMT+0530 (India Standard Time) GET /room_types
Thu Aug 23 2018 13:13:45 GMT+0530 (India Standard Time) GET /room_types
Thu Aug 23 2018 13:18:13 GMT+0530 (India Standard Time) GET /room_types
Thu Aug 23 2018 13:18:31 GMT+0530 (India Standard Time) GET /room_types
Thu Aug 23 2018 13:18:50 GMT+0530 (India Standard Time) GET /room_types
Thu Aug 23 2018 13:19:03 GMT+0530 (India Standard Time) GET /room_types
Thu Aug 23 2018 13:19:09 GMT+0530 (India Standard Time) GET /room_types
Thu Aug 23 2018 13:19:30 GMT+0530 (India Standard Time) GET /room_types
Thu Aug 23 2018 13:20:05 GMT+0530 (India Standard Time) GET /room_types
Thu Aug 23 2018 13:20:32 GMT+0530 (India Standard Time) GET /room_types
Thu Aug 23 2018 13:20:44 GMT+0530 (India Standard Time) GET /room_types
Thu Aug 23 2018 13:21:16 GMT+0530 (India Standard Time) GET /room_types
Thu Aug 23 2018 13:21:31 GMT+0530 (India Standard Time) POST /room_availability
Thu Aug 23 2018 13:22:20 GMT+0530 (India Standard Time) POST /email_check
Thu Aug 23 2018 13:22:33 GMT+0530 (India Standard Time) POST /email_check
Thu Aug 23 2018 13:23:58 GMT+0530 (India Standard Time) GET /room_types
Thu Aug 23 2018 13:24:56 GMT+0530 (India Standard Time) GET /room_types
Thu Aug 23 2018 13:25:06 GMT+0530 (India Standard Time) POST /room_availability
Thu Aug 23 2018 13:25:14 GMT+0530 (India Standard Time) POST /email_check
Thu Aug 23 2018 13:25:24 GMT+0530 (India Standard Time) POST /save_user
Thu Aug 23 2018 13:25:24 GMT+0530 (India Standard Time) POST /email_check
Thu Aug 23 2018 13:28:19 GMT+0530 (India Standard Time) GET /room_types
Thu Aug 23 2018 13:28:31 GMT+0530 (India Standard Time) GET /room_types
Thu Aug 23 2018 13:28:42 GMT+0530 (India Standard Time) POST /room_availability
Thu Aug 23 2018 13:28:52 GMT+0530 (India Standard Time) POST /email_check
Thu Aug 23 2018 13:28:57 GMT+0530 (India Standard Time) POST /email_check
Thu Aug 23 2018 13:28:57 GMT+0530 (India Standard Time) POST /save_user
Thu Aug 23 2018 13:31:11 GMT+0530 (India Standard Time) POST /save_user
Thu Aug 23 2018 13:31:11 GMT+0530 (India Standard Time) POST /email_check
Thu Aug 23 2018 13:31:55 GMT+0530 (India Standard Time) GET /room_types
Thu Aug 23 2018 13:32:15 GMT+0530 (India Standard Time) POST /room_availability
Thu Aug 23 2018 13:32:23 GMT+0530 (India Standard Time) POST /email_check
Thu Aug 23 2018 13:32:28 GMT+0530 (India Standard Time) POST /email_check
Thu Aug 23 2018 13:32:28 GMT+0530 (India Standard Time) POST /save_user
Thu Aug 23 2018 13:32:54 GMT+0530 (India Standard Time) GET /room_types
Thu Aug 23 2018 13:33:16 GMT+0530 (India Standard Time) POST /room_availability
Thu Aug 23 2018 13:33:21 GMT+0530 (India Standard Time) POST /email_check
Thu Aug 23 2018 13:33:26 GMT+0530 (India Standard Time) POST /email_check
Thu Aug 23 2018 13:33:26 GMT+0530 (India Standard Time) POST /save_user
Thu Aug 23 2018 13:33:26 GMT+0530 (India Standard Time) POST /save_booking
Thu Aug 23 2018 13:33:26 GMT+0530 (India Standard Time) GET /user_bookings?userid=1
Thu Aug 23 2018 13:34:23 GMT+0530 (India Standard Time) GET /room_types
Thu Aug 23 2018 13:35:33 GMT+0530 (India Standard Time) GET /room_types
Thu Aug 23 2018 13:35:38 GMT+0530 (India Standard Time) GET /user_bookings?userid=1
Thu Aug 23 2018 13:35:46 GMT+0530 (India Standard Time) GET /room_types
Thu Aug 23 2018 13:36:12 GMT+0530 (India Standard Time) POST /room_availability
Thu Aug 23 2018 13:36:17 GMT+0530 (India Standard Time) POST /save_booking
Thu Aug 23 2018 13:36:17 GMT+0530 (India Standard Time) GET /user_bookings?userid=1
Thu Aug 23 2018 13:36:55 GMT+0530 (India Standard Time) GET /user_bookings?userid=1
Thu Aug 23 2018 13:36:56 GMT+0530 (India Standard Time) GET /room_types
Thu Aug 23 2018 13:37:02 GMT+0530 (India Standard Time) GET /room_types
Thu Aug 23 2018 13:37:30 GMT+0530 (India Standard Time) GET /room_types
Thu Aug 23 2018 13:37:47 GMT+0530 (India Standard Time) GET /room_types
Thu Aug 23 2018 13:38:01 GMT+0530 (India Standard Time) GET /room_types
Thu Aug 23 2018 13:38:13 GMT+0530 (India Standard Time) GET /room_types
Thu Aug 23 2018 13:38:29 GMT+0530 (India Standard Time) GET /room_types
Thu Aug 23 2018 13:38:42 GMT+0530 (India Standard Time) POST /login/
Thu Aug 23 2018 13:38:49 GMT+0530 (India Standard Time) POST /login/
Thu Aug 23 2018 13:38:49 GMT+0530 (India Standard Time) GET /room_types
Thu Aug 23 2018 13:38:52 GMT+0530 (India Standard Time) GET /user_bookings?userid=1
Thu Aug 23 2018 13:38:54 GMT+0530 (India Standard Time) GET /room_types
